<?xml version="1.0" encoding="UTF-8"?>
<coverage generated="1668039531732" clover="3.2.0">
  <project timestamp="1668039531732" name="All files">
    <metrics statements="47" coveredstatements="47" conditionals="25" coveredconditionals="25" methods="11" coveredmethods="11" elements="83" coveredelements="83" complexity="0" loc="47" ncloc="47" packages="1" files="1" classes="1"/>
    <file name="array-functions.js" path="D:\Bootcamp weekly\week-5\js\array-functions.js">
      <metrics statements="47" coveredstatements="47" conditionals="25" coveredconditionals="25" methods="11" coveredmethods="11"/>
      <line num="3" count="126" type="stmt"/>
      <line num="4" count="126" type="stmt"/>
      <line num="8" count="336" type="stmt"/>
      <line num="10" count="126" type="stmt"/>
      <line num="15" count="9" type="stmt"/>
      <line num="16" count="9" type="stmt"/>
      <line num="21" count="3" type="stmt"/>
      <line num="22" count="3" type="cond" truecount="2" falsecount="0"/>
      <line num="23" count="2" type="stmt"/>
      <line num="24" count="3" type="stmt"/>
      <line num="26" count="2" type="stmt"/>
      <line num="31" count="3" type="stmt"/>
      <line num="32" count="3" type="cond" truecount="2" falsecount="0"/>
      <line num="33" count="2" type="stmt"/>
      <line num="34" count="3" type="stmt"/>
      <line num="36" count="2" type="stmt"/>
      <line num="41" count="3" type="stmt"/>
      <line num="42" count="3" type="stmt"/>
      <line num="43" count="3" type="stmt"/>
      <line num="44" count="9" type="stmt"/>
      <line num="46" count="3" type="stmt"/>
      <line num="51" count="8" type="stmt"/>
      <line num="52" count="16" type="cond" truecount="2" falsecount="0"/>
      <line num="54" count="5" type="stmt"/>
      <line num="59" count="3" type="cond" truecount="2" falsecount="0"/>
      <line num="60" count="2" type="stmt"/>
      <line num="61" count="4" type="cond" truecount="2" falsecount="0"/>
      <line num="63" count="1" type="stmt"/>
      <line num="68" count="5" type="cond" truecount="2" falsecount="0"/>
      <line num="69" count="3" type="stmt"/>
      <line num="74" count="6" type="stmt"/>
      <line num="75" count="6" type="stmt"/>
      <line num="76" count="17" type="cond" truecount="2" falsecount="0"/>
      <line num="77" count="6" type="stmt"/>
      <line num="80" count="6" type="stmt"/>
      <line num="94" count="3" type="stmt"/>
      <line num="95" count="5" type="cond" truecount="2" falsecount="0"/>
      <line num="97" count="1" type="stmt"/>
      <line num="102" count="5" type="stmt"/>
      <line num="103" count="5" type="stmt"/>
      <line num="104" count="12" type="stmt"/>
      <line num="105" count="12" type="cond" truecount="4" falsecount="0"/>
      <line num="106" count="10" type="stmt"/>
      <line num="108" count="12" type="cond" truecount="2" falsecount="0"/>
      <line num="109" count="7" type="stmt"/>
      <line num="111" count="12" type="stmt"/>
      <line num="113" count="5" type="stmt"/>
    </file>
  </project>
</coverage>
