<?xml version="1.0" encoding="UTF-8"?>
<coverage generated="1667931266803" clover="3.2.0">
  <project timestamp="1667931266803" name="All files">
    <metrics statements="31" coveredstatements="26" conditionals="13" coveredconditionals="10" methods="8" coveredmethods="7" elements="52" coveredelements="43" complexity="0" loc="31" ncloc="31" packages="1" files="2" classes="2"/>
    <file name="array-functions.js" path="D:\Bootcamp weekly\week-5\js\array-functions.js">
      <metrics statements="30" coveredstatements="25" conditionals="13" coveredconditionals="10" methods="7" coveredmethods="6"/>
      <line num="3" count="50" type="stmt"/>
      <line num="4" count="50" type="stmt"/>
      <line num="8" count="133" type="stmt"/>
      <line num="10" count="50" type="stmt"/>
      <line num="15" count="3" type="stmt"/>
      <line num="16" count="3" type="stmt"/>
      <line num="21" count="3" type="stmt"/>
      <line num="22" count="3" type="cond" truecount="2" falsecount="0"/>
      <line num="23" count="2" type="stmt"/>
      <line num="24" count="3" type="stmt"/>
      <line num="26" count="2" type="stmt"/>
      <line num="31" count="3" type="stmt"/>
      <line num="32" count="3" type="cond" truecount="2" falsecount="0"/>
      <line num="33" count="2" type="stmt"/>
      <line num="34" count="3" type="stmt"/>
      <line num="36" count="2" type="stmt"/>
      <line num="41" count="3" type="stmt"/>
      <line num="42" count="3" type="cond" truecount="1" falsecount="1"/>
      <line num="43" count="3" type="stmt"/>
      <line num="44" count="3" type="stmt"/>
      <line num="45" count="9" type="stmt"/>
      <line num="47" count="3" type="stmt"/>
      <line num="52" count="3" type="stmt"/>
      <line num="53" count="6" type="cond" truecount="2" falsecount="0"/>
      <line num="55" count="2" type="stmt"/>
      <line num="60" count="0" type="stmt"/>
      <line num="61" count="0" type="stmt"/>
      <line num="62" count="0" type="cond" truecount="0" falsecount="2"/>
      <line num="63" count="0" type="stmt"/>
      <line num="65" count="0" type="stmt"/>
    </file>
    <file name="sample.js" path="D:\Bootcamp weekly\week-5\js\sample.js">
      <metrics statements="1" coveredstatements="1" conditionals="0" coveredconditionals="0" methods="1" coveredmethods="1"/>
      <line num="2" count="1" type="stmt"/>
    </file>
  </project>
</coverage>
