{"D:\\Bootcamp weekly\\week-5\\js\\array-functions.js": {"path":"D:\\Bootcamp weekly\\week-5\\js\\array-functions.js","statementMap":{"0":{"start":{"line":3,"column":12},"end":{"line":3,"column":13}},"1":{"start":{"line":4,"column":4},"end":{"line":9,"column":5}},"2":{"start":{"line":8,"column":8},"end":{"line":8,"column":12}},"3":{"start":{"line":10,"column":4},"end":{"line":10,"column":13}},"4":{"start":{"line":15,"column":4},"end":{"line":15,"column":40}},"5":{"start":{"line":16,"column":4},"end":{"line":16,"column":17}},"6":{"start":{"line":21,"column":19},"end":{"line":21,"column":21}},"7":{"start":{"line":22,"column":4},"end":{"line":22,"column":49}},"8":{"start":{"line":22,"column":32},"end":{"line":22,"column":49}},"9":{"start":{"line":23,"column":4},"end":{"line":25,"column":5}},"10":{"start":{"line":23,"column":17},"end":{"line":23,"column":18}},"11":{"start":{"line":24,"column":8},"end":{"line":24,"column":31}},"12":{"start":{"line":26,"column":4},"end":{"line":26,"column":20}},"13":{"start":{"line":31,"column":19},"end":{"line":31,"column":21}},"14":{"start":{"line":32,"column":4},"end":{"line":32,"column":49}},"15":{"start":{"line":32,"column":32},"end":{"line":32,"column":49}},"16":{"start":{"line":33,"column":4},"end":{"line":35,"column":5}},"17":{"start":{"line":33,"column":17},"end":{"line":33,"column":18}},"18":{"start":{"line":34,"column":8},"end":{"line":34,"column":35}},"19":{"start":{"line":36,"column":4},"end":{"line":36,"column":20}},"20":{"start":{"line":41,"column":19},"end":{"line":41,"column":21}},"21":{"start":{"line":42,"column":4},"end":{"line":42,"column":49}},"22":{"start":{"line":42,"column":32},"end":{"line":42,"column":49}},"23":{"start":{"line":43,"column":4},"end":{"line":43,"column":26}},"24":{"start":{"line":44,"column":4},"end":{"line":46,"column":5}},"25":{"start":{"line":44,"column":17},"end":{"line":44,"column":18}},"26":{"start":{"line":45,"column":8},"end":{"line":45,"column":35}},"27":{"start":{"line":47,"column":4},"end":{"line":47,"column":20}},"28":{"start":{"line":52,"column":4},"end":{"line":54,"column":5}},"29":{"start":{"line":52,"column":17},"end":{"line":52,"column":18}},"30":{"start":{"line":53,"column":8},"end":{"line":53,"column":46}},"31":{"start":{"line":53,"column":34},"end":{"line":53,"column":46}},"32":{"start":{"line":55,"column":4},"end":{"line":55,"column":17}},"33":{"start":{"line":60,"column":16},"end":{"line":60,"column":21}},"34":{"start":{"line":61,"column":4},"end":{"line":64,"column":5}},"35":{"start":{"line":61,"column":17},"end":{"line":61,"column":18}},"36":{"start":{"line":62,"column":8},"end":{"line":63,"column":27}},"37":{"start":{"line":62,"column":34},"end":{"line":62,"column":47}},"38":{"start":{"line":63,"column":13},"end":{"line":63,"column":27}},"39":{"start":{"line":65,"column":4},"end":{"line":65,"column":17}}},"fnMap":{"0":{"name":"arrayLength","decl":{"start":{"line":2,"column":16},"end":{"line":2,"column":27}},"loc":{"start":{"line":2,"column":35},"end":{"line":11,"column":1}},"line":2},"1":{"name":"arrayPush","decl":{"start":{"line":14,"column":16},"end":{"line":14,"column":25}},"loc":{"start":{"line":14,"column":42},"end":{"line":17,"column":1}},"line":14},"2":{"name":"arrayPop","decl":{"start":{"line":20,"column":16},"end":{"line":20,"column":24}},"loc":{"start":{"line":20,"column":32},"end":{"line":27,"column":1}},"line":20},"3":{"name":"arrayShift","decl":{"start":{"line":30,"column":16},"end":{"line":30,"column":26}},"loc":{"start":{"line":30,"column":34},"end":{"line":37,"column":1}},"line":30},"4":{"name":"arrayUnshift","decl":{"start":{"line":40,"column":16},"end":{"line":40,"column":28}},"loc":{"start":{"line":40,"column":45},"end":{"line":48,"column":1}},"line":40},"5":{"name":"arraySome","decl":{"start":{"line":51,"column":16},"end":{"line":51,"column":25}},"loc":{"start":{"line":51,"column":42},"end":{"line":56,"column":1}},"line":51},"6":{"name":"arrayEvery","decl":{"start":{"line":59,"column":16},"end":{"line":59,"column":26}},"loc":{"start":{"line":59,"column":43},"end":{"line":66,"column":1}},"line":59}},"branchMap":{"0":{"loc":{"start":{"line":5,"column":8},"end":{"line":6,"column":62}},"type":"binary-expr","locations":[{"start":{"line":5,"column":8},"end":{"line":5,"column":30}},{"start":{"line":6,"column":9},"end":{"line":6,"column":31}},{"start":{"line":6,"column":35},"end":{"line":6,"column":61}}],"line":5},"1":{"loc":{"start":{"line":22,"column":4},"end":{"line":22,"column":49}},"type":"if","locations":[{"start":{"line":22,"column":4},"end":{"line":22,"column":49}},{"start":{},"end":{}}],"line":22},"2":{"loc":{"start":{"line":32,"column":4},"end":{"line":32,"column":49}},"type":"if","locations":[{"start":{"line":32,"column":4},"end":{"line":32,"column":49}},{"start":{},"end":{}}],"line":32},"3":{"loc":{"start":{"line":42,"column":4},"end":{"line":42,"column":49}},"type":"if","locations":[{"start":{"line":42,"column":4},"end":{"line":42,"column":49}},{"start":{},"end":{}}],"line":42},"4":{"loc":{"start":{"line":53,"column":8},"end":{"line":53,"column":46}},"type":"if","locations":[{"start":{"line":53,"column":8},"end":{"line":53,"column":46}},{"start":{},"end":{}}],"line":53},"5":{"loc":{"start":{"line":62,"column":8},"end":{"line":63,"column":27}},"type":"if","locations":[{"start":{"line":62,"column":8},"end":{"line":63,"column":27}},{"start":{"line":63,"column":13},"end":{"line":63,"column":27}}],"line":62}},"s":{"0":50,"1":50,"2":133,"3":50,"4":3,"5":3,"6":3,"7":3,"8":1,"9":2,"10":2,"11":3,"12":2,"13":3,"14":3,"15":1,"16":2,"17":2,"18":3,"19":2,"20":3,"21":3,"22":0,"23":3,"24":3,"25":3,"26":9,"27":3,"28":3,"29":3,"30":6,"31":1,"32":2,"33":0,"34":0,"35":0,"36":0,"37":0,"38":0,"39":0},"f":{"0":50,"1":3,"2":3,"3":3,"4":3,"5":3,"6":0},"b":{"0":[183,51,51],"1":[1,2],"2":[1,2],"3":[0,3],"4":[1,5],"5":[0,0]},"_coverageSchema":"1a1c01bbd47fc00a2c39e90264f33305004495a9","hash":"44dc595f5967c98be6af35fbf8f6c6e49e638482"}
,"D:\\Bootcamp weekly\\week-5\\js\\sample.js": {"path":"D:\\Bootcamp weekly\\week-5\\js\\sample.js","statementMap":{"0":{"start":{"line":2,"column":4},"end":{"line":2,"column":17}}},"fnMap":{"0":{"name":"add","decl":{"start":{"line":1,"column":16},"end":{"line":1,"column":19}},"loc":{"start":{"line":1,"column":26},"end":{"line":3,"column":1}},"line":1}},"branchMap":{},"s":{"0":1},"f":{"0":1},"b":{},"_coverageSchema":"1a1c01bbd47fc00a2c39e90264f33305004495a9","hash":"9af4215667df7a9bb41a0873de7b8aedad4d9fb0"}
}
