{"D:\\Bootcamp weekly\\week-5\\js\\array-functions.js": {"path":"D:\\Bootcamp weekly\\week-5\\js\\array-functions.js","statementMap":{"0":{"start":{"line":3,"column":12},"end":{"line":3,"column":13}},"1":{"start":{"line":4,"column":4},"end":{"line":9,"column":5}},"2":{"start":{"line":8,"column":8},"end":{"line":8,"column":12}},"3":{"start":{"line":10,"column":4},"end":{"line":10,"column":13}},"4":{"start":{"line":15,"column":4},"end":{"line":15,"column":40}},"5":{"start":{"line":16,"column":4},"end":{"line":16,"column":17}},"6":{"start":{"line":21,"column":19},"end":{"line":21,"column":21}},"7":{"start":{"line":22,"column":4},"end":{"line":22,"column":49}},"8":{"start":{"line":22,"column":32},"end":{"line":22,"column":49}},"9":{"start":{"line":23,"column":4},"end":{"line":25,"column":5}},"10":{"start":{"line":23,"column":17},"end":{"line":23,"column":18}},"11":{"start":{"line":24,"column":8},"end":{"line":24,"column":31}},"12":{"start":{"line":26,"column":4},"end":{"line":26,"column":20}},"13":{"start":{"line":31,"column":19},"end":{"line":31,"column":21}},"14":{"start":{"line":32,"column":4},"end":{"line":32,"column":49}},"15":{"start":{"line":32,"column":32},"end":{"line":32,"column":49}},"16":{"start":{"line":33,"column":4},"end":{"line":35,"column":5}},"17":{"start":{"line":33,"column":17},"end":{"line":33,"column":18}},"18":{"start":{"line":34,"column":8},"end":{"line":34,"column":35}},"19":{"start":{"line":36,"column":4},"end":{"line":36,"column":20}},"20":{"start":{"line":41,"column":19},"end":{"line":41,"column":21}},"21":{"start":{"line":42,"column":4},"end":{"line":42,"column":26}},"22":{"start":{"line":43,"column":4},"end":{"line":45,"column":5}},"23":{"start":{"line":43,"column":17},"end":{"line":43,"column":18}},"24":{"start":{"line":44,"column":8},"end":{"line":44,"column":35}},"25":{"start":{"line":46,"column":4},"end":{"line":46,"column":20}},"26":{"start":{"line":51,"column":4},"end":{"line":53,"column":5}},"27":{"start":{"line":51,"column":17},"end":{"line":51,"column":18}},"28":{"start":{"line":52,"column":8},"end":{"line":52,"column":46}},"29":{"start":{"line":52,"column":34},"end":{"line":52,"column":46}},"30":{"start":{"line":54,"column":4},"end":{"line":54,"column":17}},"31":{"start":{"line":59,"column":4},"end":{"line":59,"column":45}},"32":{"start":{"line":59,"column":32},"end":{"line":59,"column":45}},"33":{"start":{"line":60,"column":4},"end":{"line":62,"column":5}},"34":{"start":{"line":60,"column":17},"end":{"line":60,"column":18}},"35":{"start":{"line":61,"column":8},"end":{"line":61,"column":47}},"36":{"start":{"line":61,"column":34},"end":{"line":61,"column":47}},"37":{"start":{"line":63,"column":4},"end":{"line":63,"column":16}},"38":{"start":{"line":68,"column":4},"end":{"line":68,"column":50}},"39":{"start":{"line":68,"column":35},"end":{"line":68,"column":50}},"40":{"start":{"line":69,"column":4},"end":{"line":69,"column":21}},"41":{"start":{"line":74,"column":19},"end":{"line":74,"column":21}},"42":{"start":{"line":75,"column":4},"end":{"line":79,"column":5}},"43":{"start":{"line":75,"column":17},"end":{"line":75,"column":18}},"44":{"start":{"line":76,"column":8},"end":{"line":78,"column":9}},"45":{"start":{"line":77,"column":12},"end":{"line":77,"column":41}},"46":{"start":{"line":80,"column":4},"end":{"line":80,"column":20}},"47":{"start":{"line":94,"column":4},"end":{"line":96,"column":5}},"48":{"start":{"line":94,"column":17},"end":{"line":94,"column":18}},"49":{"start":{"line":95,"column":8},"end":{"line":95,"column":43}},"50":{"start":{"line":95,"column":34},"end":{"line":95,"column":43}},"51":{"start":{"line":97,"column":4},"end":{"line":97,"column":14}}},"fnMap":{"0":{"name":"arrayLength","decl":{"start":{"line":2,"column":16},"end":{"line":2,"column":27}},"loc":{"start":{"line":2,"column":35},"end":{"line":11,"column":1}},"line":2},"1":{"name":"arrayPush","decl":{"start":{"line":14,"column":16},"end":{"line":14,"column":25}},"loc":{"start":{"line":14,"column":42},"end":{"line":17,"column":1}},"line":14},"2":{"name":"arrayPop","decl":{"start":{"line":20,"column":16},"end":{"line":20,"column":24}},"loc":{"start":{"line":20,"column":32},"end":{"line":27,"column":1}},"line":20},"3":{"name":"arrayShift","decl":{"start":{"line":30,"column":16},"end":{"line":30,"column":26}},"loc":{"start":{"line":30,"column":34},"end":{"line":37,"column":1}},"line":30},"4":{"name":"arrayUnshift","decl":{"start":{"line":40,"column":16},"end":{"line":40,"column":28}},"loc":{"start":{"line":40,"column":45},"end":{"line":47,"column":1}},"line":40},"5":{"name":"arraySome","decl":{"start":{"line":50,"column":16},"end":{"line":50,"column":25}},"loc":{"start":{"line":50,"column":42},"end":{"line":55,"column":1}},"line":50},"6":{"name":"arrayEvery","decl":{"start":{"line":58,"column":16},"end":{"line":58,"column":26}},"loc":{"start":{"line":58,"column":43},"end":{"line":64,"column":1}},"line":58},"7":{"name":"arrayFind","decl":{"start":{"line":67,"column":16},"end":{"line":67,"column":25}},"loc":{"start":{"line":67,"column":42},"end":{"line":70,"column":1}},"line":67},"8":{"name":"arrayFilter","decl":{"start":{"line":73,"column":16},"end":{"line":73,"column":27}},"loc":{"start":{"line":73,"column":44},"end":{"line":81,"column":1}},"line":73},"9":{"name":"arrayFindIndex","decl":{"start":{"line":93,"column":16},"end":{"line":93,"column":30}},"loc":{"start":{"line":93,"column":47},"end":{"line":98,"column":1}},"line":93}},"branchMap":{"0":{"loc":{"start":{"line":5,"column":8},"end":{"line":6,"column":62}},"type":"binary-expr","locations":[{"start":{"line":5,"column":8},"end":{"line":5,"column":30}},{"start":{"line":6,"column":9},"end":{"line":6,"column":31}},{"start":{"line":6,"column":35},"end":{"line":6,"column":61}}],"line":5},"1":{"loc":{"start":{"line":22,"column":4},"end":{"line":22,"column":49}},"type":"if","locations":[{"start":{"line":22,"column":4},"end":{"line":22,"column":49}},{"start":{},"end":{}}],"line":22},"2":{"loc":{"start":{"line":32,"column":4},"end":{"line":32,"column":49}},"type":"if","locations":[{"start":{"line":32,"column":4},"end":{"line":32,"column":49}},{"start":{},"end":{}}],"line":32},"3":{"loc":{"start":{"line":52,"column":8},"end":{"line":52,"column":46}},"type":"if","locations":[{"start":{"line":52,"column":8},"end":{"line":52,"column":46}},{"start":{},"end":{}}],"line":52},"4":{"loc":{"start":{"line":59,"column":4},"end":{"line":59,"column":45}},"type":"if","locations":[{"start":{"line":59,"column":4},"end":{"line":59,"column":45}},{"start":{},"end":{}}],"line":59},"5":{"loc":{"start":{"line":61,"column":8},"end":{"line":61,"column":47}},"type":"if","locations":[{"start":{"line":61,"column":8},"end":{"line":61,"column":47}},{"start":{},"end":{}}],"line":61},"6":{"loc":{"start":{"line":68,"column":4},"end":{"line":68,"column":50}},"type":"if","locations":[{"start":{"line":68,"column":4},"end":{"line":68,"column":50}},{"start":{},"end":{}}],"line":68},"7":{"loc":{"start":{"line":76,"column":8},"end":{"line":78,"column":9}},"type":"if","locations":[{"start":{"line":76,"column":8},"end":{"line":78,"column":9}},{"start":{},"end":{}}],"line":76},"8":{"loc":{"start":{"line":95,"column":8},"end":{"line":95,"column":43}},"type":"if","locations":[{"start":{"line":95,"column":8},"end":{"line":95,"column":43}},{"start":{},"end":{}}],"line":95}},"s":{"0":97,"1":97,"2":264,"3":97,"4":9,"5":9,"6":3,"7":3,"8":1,"9":2,"10":2,"11":3,"12":2,"13":3,"14":3,"15":1,"16":2,"17":2,"18":3,"19":2,"20":3,"21":3,"22":3,"23":3,"24":9,"25":3,"26":8,"27":8,"28":16,"29":3,"30":5,"31":3,"32":1,"33":2,"34":2,"35":4,"36":1,"37":1,"38":5,"39":2,"40":3,"41":6,"42":6,"43":6,"44":17,"45":6,"46":6,"47":3,"48":3,"49":5,"50":2,"51":1},"f":{"0":97,"1":9,"2":3,"3":3,"4":3,"5":8,"6":3,"7":5,"8":6,"9":3},"b":{"0":[361,100,100],"1":[1,2],"2":[1,2],"3":[3,13],"4":[1,2],"5":[1,3],"6":[2,3],"7":[6,11],"8":[2,3]},"_coverageSchema":"1a1c01bbd47fc00a2c39e90264f33305004495a9","hash":"97f0d9b20036ff190e387784c7a3a7915f35f67b"}
}
