TN:
SF:js\array-functions.js
FN:2,arrayLength
FN:14,arrayPush
FN:20,arrayPop
FN:30,arrayShift
FN:40,arrayUnshift
FN:50,arraySome
FN:58,arrayEvery
FN:67,arrayFind
FN:73,arrayFilter
FN:93,arrayFindIndex
FNF:10
FNH:10
FNDA:97,arrayLength
FNDA:9,arrayPush
FNDA:3,arrayPop
FNDA:3,arrayShift
FNDA:3,arrayUnshift
FNDA:8,arraySome
FNDA:3,arrayEvery
FNDA:5,arrayFind
FNDA:6,arrayFilter
FNDA:3,arrayFindIndex
DA:3,97
DA:4,97
DA:8,264
DA:10,97
DA:15,9
DA:16,9
DA:21,3
DA:22,3
DA:23,2
DA:24,3
DA:26,2
DA:31,3
DA:32,3
DA:33,2
DA:34,3
DA:36,2
DA:41,3
DA:42,3
DA:43,3
DA:44,9
DA:46,3
DA:51,8
DA:52,16
DA:54,5
DA:59,3
DA:60,2
DA:61,4
DA:63,1
DA:68,5
DA:69,3
DA:74,6
DA:75,6
DA:76,17
DA:77,6
DA:80,6
DA:94,3
DA:95,5
DA:97,1
LF:38
LH:38
BRDA:5,0,0,361
BRDA:5,0,1,100
BRDA:5,0,2,100
BRDA:22,1,0,1
BRDA:22,1,1,2
BRDA:32,2,0,1
BRDA:32,2,1,2
BRDA:52,3,0,3
BRDA:52,3,1,13
BRDA:59,4,0,1
BRDA:59,4,1,2
BRDA:61,5,0,1
BRDA:61,5,1,3
BRDA:68,6,0,2
BRDA:68,6,1,3
BRDA:76,7,0,6
BRDA:76,7,1,11
BRDA:95,8,0,2
BRDA:95,8,1,3
BRF:19
BRH:19
end_of_record
