TN:
SF:js\array-functions.js
FN:2,arrayLength
FN:14,arrayPush
FN:20,arrayPop
FN:30,arrayShift
FN:40,arrayUnshift
FN:51,arraySome
FN:59,arrayEvery
FNF:7
FNH:6
FNDA:50,arrayLength
FNDA:3,arrayPush
FNDA:3,arrayPop
FNDA:3,arrayShift
FNDA:3,arrayUnshift
FNDA:3,arraySome
FNDA:0,arrayEvery
DA:3,50
DA:4,50
DA:8,133
DA:10,50
DA:15,3
DA:16,3
DA:21,3
DA:22,3
DA:23,2
DA:24,3
DA:26,2
DA:31,3
DA:32,3
DA:33,2
DA:34,3
DA:36,2
DA:41,3
DA:42,3
DA:43,3
DA:44,3
DA:45,9
DA:47,3
DA:52,3
DA:53,6
DA:55,2
DA:60,0
DA:61,0
DA:62,0
DA:63,0
DA:65,0
LF:30
LH:25
BRDA:5,0,0,183
BRDA:5,0,1,51
BRDA:5,0,2,51
BRDA:22,1,0,1
BRDA:22,1,1,2
BRDA:32,2,0,1
BRDA:32,2,1,2
BRDA:42,3,0,0
BRDA:42,3,1,3
BRDA:53,4,0,1
BRDA:53,4,1,5
BRDA:62,5,0,0
BRDA:62,5,1,0
BRF:13
BRH:10
end_of_record
TN:
SF:js\sample.js
FN:1,add
FNF:1
FNH:1
FNDA:1,add
DA:2,1
LF:1
LH:1
BRF:0
BRH:0
end_of_record
